<?xml version="1.0" encoding="UTF-8"?>
<testsuite xmlns:xsi="http://www.w3.org/2001/XMLSchema-instance" xsi:noNamespaceSchemaLocation="https://maven.apache.org/surefire/maven-surefire-plugin/xsd/surefire-test-report-3.0.xsd" version="3.0" name="com.example.demo.api.FilialIntegrationTest" time="5.005" tests="1" errors="0" skipped="0" failures="0">
  <properties>
[...]
</properties>
  <testcase name="deveCriarFilialEManterSenhaHasheada" classname="com.example.demo.api.FilialIntegrationTest" time="0.42">
    <system-out><![CDATA[00:11:54.039 [main] INFO org.springframework.test.context.support.AnnotationConfigContextLoaderUtils -- Could not detect default configuration classes for test class [com.example.demo.api.FilialIntegrationTest]: FilialIntegrationTest does not declare any static, non-private, non-final, nested classes annotated with @Configuration.
00:11:54.229 [main] INFO org.springframework.boot.test.context.SpringBootTestContextBootstrapper -- Found @SpringBootConfiguration com.example.demo.DemoApplication for test class com.example.demo.api.FilialIntegrationTest

  .   ____          _            __ _ _
 /\\ / ___'_ __ _ _(_)_ __  __ _ \ \ \ \
( ( )\___ | '_ | '_| | '_ \/ _` | \ \ \ \
 \\/  ___)| |_)| | | | | || (_| |  ) ) ) )
  '  |____| .__|_| |_|_| |_\__, | / / / /
 =========|_|==============|___/=/_/_/_/
 :: Spring Boot ::                (v3.2.0)

2025-11-20T00:11:54.726-03:00  INFO 550775 --- [           main] c.e.demo.api.FilialIntegrationTest       : Starting FilialIntegrationTest using Java 21.0.8 with PID 550775 (started by marco in /home/marco/Área de trabalho/tppe-final/store-management-dashboard/API-LOJA-DE-CONSTRU-O/springboot/demo)
2025-11-20T00:11:54.728-03:00  INFO 550775 --- [           main] c.e.demo.api.FilialIntegrationTest       : The following 1 profile is active: "test"
2025-11-20T00:11:55.397-03:00  INFO 550775 --- [           main] .s.d.r.c.RepositoryConfigurationDelegate : Bootstrapping Spring Data JPA repositories in DEFAULT mode.
2025-11-20T00:11:55.484-03:00  INFO 550775 --- [           main] .s.d.r.c.RepositoryConfigurationDelegate : Finished Spring Data repository scanning in 79 ms. Found 3 JPA repository interfaces.
2025-11-20T00:11:56.119-03:00  INFO 550775 --- [           main] o.s.b.w.embedded.tomcat.TomcatWebServer  : Tomcat initialized with port 0 (http)
2025-11-20T00:11:56.129-03:00  INFO 550775 --- [           main] o.apache.catalina.core.StandardService   : Starting service [Tomcat]
2025-11-20T00:11:56.129-03:00  INFO 550775 --- [           main] o.apache.catalina.core.StandardEngine    : Starting Servlet engine: [Apache Tomcat/10.1.16]
2025-11-20T00:11:56.176-03:00  INFO 550775 --- [           main] o.a.c.c.C.[Tomcat].[localhost].[/]       : Initializing Spring embedded WebApplicationContext
2025-11-20T00:11:56.178-03:00  INFO 550775 --- [           main] w.s.c.ServletWebServerApplicationContext : Root WebApplicationContext: initialization completed in 1432 ms
2025-11-20T00:11:56.332-03:00  INFO 550775 --- [           main] o.hibernate.jpa.internal.util.LogHelper  : HHH000204: Processing PersistenceUnitInfo [name: default]
2025-11-20T00:11:56.381-03:00  INFO 550775 --- [           main] org.hibernate.Version                    : HHH000412: Hibernate ORM core version 6.3.1.Final
2025-11-20T00:11:56.423-03:00  INFO 550775 --- [           main] o.h.c.internal.RegionFactoryInitiator    : HHH000026: Second-level cache disabled
2025-11-20T00:11:56.548-03:00  INFO 550775 --- [           main] o.s.o.j.p.SpringPersistenceUnitInfo      : No LoadTimeWeaver setup: ignoring JPA class transformer
2025-11-20T00:11:56.573-03:00  INFO 550775 --- [           main] com.zaxxer.hikari.HikariDataSource       : HikariPool-1 - Starting...
2025-11-20T00:11:56.751-03:00  INFO 550775 --- [           main] com.zaxxer.hikari.pool.HikariPool        : HikariPool-1 - Added connection conn0: url=jdbc:h2:mem:loja-int user=SA
2025-11-20T00:11:56.753-03:00  INFO 550775 --- [           main] com.zaxxer.hikari.HikariDataSource       : HikariPool-1 - Start completed.
2025-11-20T00:11:56.772-03:00  WARN 550775 --- [           main] org.hibernate.orm.deprecation            : HHH90000025: H2Dialect does not need to be specified explicitly using 'hibernate.dialect' (remove the property setting and it will be selected by default)
2025-11-20T00:11:57.377-03:00  INFO 550775 --- [           main] o.h.e.t.j.p.i.JtaPlatformInitiator       : HHH000489: No JTA platform available (set 'hibernate.transaction.jta.platform' to enable JTA platform integration)
2025-11-20T00:11:57.380-03:00  INFO 550775 --- [           main] j.LocalContainerEntityManagerFactoryBean : Initialized JPA EntityManagerFactory for persistence unit 'default'
2025-11-20T00:11:57.795-03:00  WARN 550775 --- [           main] JpaBaseConfiguration$JpaWebConfiguration : spring.jpa.open-in-view is enabled by default. Therefore, database queries may be performed during view rendering. Explicitly configure spring.jpa.open-in-view to disable this warning
2025-11-20T00:11:58.088-03:00  INFO 550775 --- [           main] o.s.s.web.DefaultSecurityFilterChain     : Will secure any request with [org.springframework.security.web.session.DisableEncodeUrlFilter@306f439c, org.springframework.security.web.context.request.async.WebAsyncManagerIntegrationFilter@ac6da02, org.springframework.security.web.context.SecurityContextHolderFilter@2f32fe68, org.springframework.security.web.header.HeaderWriterFilter@58f259bd, org.springframework.web.filter.CorsFilter@768d8a25, org.springframework.security.web.authentication.logout.LogoutFilter@24df4805, com.example.demo.api.security.JwtAuthenticationFilter@33aa4326, org.springframework.security.web.savedrequest.RequestCacheAwareFilter@10770c1, org.springframework.security.web.servletapi.SecurityContextHolderAwareRequestFilter@35ab0bf3, org.springframework.security.web.authentication.AnonymousAuthenticationFilter@521032a6, org.springframework.security.web.session.SessionManagementFilter@60abe420, org.springframework.security.web.access.ExceptionTranslationFilter@d8f65a1, org.springframework.security.web.access.intercept.AuthorizationFilter@1b7648f]
2025-11-20T00:11:58.347-03:00  INFO 550775 --- [           main] o.a.c.c.C.[Tomcat].[localhost].[/]       : Initializing Spring TestDispatcherServlet ''
2025-11-20T00:11:58.347-03:00  INFO 550775 --- [           main] o.s.t.web.servlet.TestDispatcherServlet  : Initializing Servlet ''
2025-11-20T00:11:58.348-03:00  INFO 550775 --- [           main] o.s.t.web.servlet.TestDispatcherServlet  : Completed initialization in 1 ms
2025-11-20T00:11:58.402-03:00  INFO 550775 --- [           main] o.s.b.w.embedded.tomcat.TomcatWebServer  : Tomcat started on port 37279 (http) with context path ''
2025-11-20T00:11:58.415-03:00  INFO 550775 --- [           main] c.e.demo.api.FilialIntegrationTest       : Started FilialIntegrationTest in 3.992 seconds (process running for 6.581)
2025-11-20T00:11:58.465-03:00  WARN 550775 --- [           main] o.s.w.s.h.HandlerMappingIntrospector     : Cache miss for REQUEST dispatch to '/api/FILIAL' (previous null). Performing MatchableHandlerMapping lookup. This is logged once only at WARN level, and every time at TRACE.
]]></system-out>
  </testcase>
</testsuite>